26-Apr-2025 09:22:05.855 INFO [main] org.apache.catalina.core.ApplicationContext.log No Spring WebApplicationInitializer types detected on classpath
26-Apr-2025 09:22:07.068 INFO [main] org.apache.catalina.core.ApplicationContext.log ContextListener: contextInitialized()
26-Apr-2025 09:22:07.068 INFO [main] org.apache.catalina.core.ApplicationContext.log SessionListener: contextInitialized()
26-Apr-2025 09:22:07.068 INFO [main] org.apache.catalina.core.ApplicationContext.log ContextListener: attributeAdded('StockTicker', 'async.Stockticker@14d513ca')
26-Apr-2025 11:54:58.808 INFO [main] org.apache.catalina.core.ApplicationContext.log 1 Spring WebApplicationInitializers detected on classpath
26-Apr-2025 11:55:00.320 INFO [main] org.apache.catalina.core.ApplicationContext.log ContextListener: contextInitialized()
26-Apr-2025 11:55:00.320 INFO [main] org.apache.catalina.core.ApplicationContext.log SessionListener: contextInitialized()
26-Apr-2025 11:55:00.324 INFO [main] org.apache.catalina.core.ApplicationContext.log ContextListener: attributeAdded('StockTicker', 'async.Stockticker@136d1d58')
26-Apr-2025 12:19:37.941 INFO [main] org.apache.catalina.core.ApplicationContext.log SessionListener: contextDestroyed()
26-Apr-2025 12:19:37.941 INFO [main] org.apache.catalina.core.ApplicationContext.log ContextListener: contextDestroyed()
26-Apr-2025 12:21:21.687 INFO [main] org.apache.catalina.core.ApplicationContext.log 1 Spring WebApplicationInitializers detected on classpath
26-Apr-2025 12:21:22.852 INFO [main] org.apache.catalina.core.ApplicationContext.log ContextListener: contextInitialized()
26-Apr-2025 12:21:22.852 INFO [main] org.apache.catalina.core.ApplicationContext.log SessionListener: contextInitialized()
26-Apr-2025 12:21:22.857 INFO [main] org.apache.catalina.core.ApplicationContext.log ContextListener: attributeAdded('StockTicker', 'async.Stockticker@99ace98')
26-Apr-2025 12:21:42.321 INFO [main] org.apache.catalina.core.ApplicationContext.log SessionListener: contextDestroyed()
26-Apr-2025 12:21:42.321 INFO [main] org.apache.catalina.core.ApplicationContext.log ContextListener: contextDestroyed()
26-Apr-2025 12:22:11.292 INFO [main] org.apache.catalina.core.ApplicationContext.log 1 Spring WebApplicationInitializers detected on classpath
26-Apr-2025 12:22:12.463 INFO [main] org.apache.catalina.core.ApplicationContext.log ContextListener: contextInitialized()
26-Apr-2025 12:22:12.463 INFO [main] org.apache.catalina.core.ApplicationContext.log SessionListener: contextInitialized()
26-Apr-2025 12:22:12.467 INFO [main] org.apache.catalina.core.ApplicationContext.log ContextListener: attributeAdded('StockTicker', 'async.Stockticker@241861bc')
26-Apr-2025 12:27:56.088 INFO [main] org.apache.catalina.core.ApplicationContext.log SessionListener: contextDestroyed()
26-Apr-2025 12:27:56.089 INFO [main] org.apache.catalina.core.ApplicationContext.log ContextListener: contextDestroyed()
26-Apr-2025 12:39:21.882 INFO [main] org.apache.catalina.core.ApplicationContext.log 1 Spring WebApplicationInitializers detected on classpath
26-Apr-2025 12:39:23.125 INFO [main] org.apache.catalina.core.ApplicationContext.log ContextListener: contextInitialized()
26-Apr-2025 12:39:23.125 INFO [main] org.apache.catalina.core.ApplicationContext.log SessionListener: contextInitialized()
26-Apr-2025 12:39:23.129 INFO [main] org.apache.catalina.core.ApplicationContext.log ContextListener: attributeAdded('StockTicker', 'async.Stockticker@3a649f9a')
26-Apr-2025 12:48:50.036 INFO [main] org.apache.catalina.core.ApplicationContext.log SessionListener: contextDestroyed()
26-Apr-2025 12:48:50.036 INFO [main] org.apache.catalina.core.ApplicationContext.log ContextListener: contextDestroyed()
26-Apr-2025 12:49:38.195 INFO [main] org.apache.catalina.core.ApplicationContext.log 1 Spring WebApplicationInitializers detected on classpath
26-Apr-2025 12:49:39.428 INFO [main] org.apache.catalina.core.ApplicationContext.log ContextListener: contextInitialized()
26-Apr-2025 12:49:39.428 INFO [main] org.apache.catalina.core.ApplicationContext.log SessionListener: contextInitialized()
26-Apr-2025 12:49:39.433 INFO [main] org.apache.catalina.core.ApplicationContext.log ContextListener: attributeAdded('StockTicker', 'async.Stockticker@4b20b431')
26-Apr-2025 12:49:43.468 INFO [main] org.apache.catalina.core.ApplicationContext.log SessionListener: contextDestroyed()
26-Apr-2025 12:49:43.468 INFO [main] org.apache.catalina.core.ApplicationContext.log ContextListener: contextDestroyed()
26-Apr-2025 12:52:04.058 INFO [main] org.apache.catalina.core.ApplicationContext.log 1 Spring WebApplicationInitializers detected on classpath
26-Apr-2025 12:52:05.318 INFO [main] org.apache.catalina.core.ApplicationContext.log ContextListener: contextInitialized()
26-Apr-2025 12:52:05.318 INFO [main] org.apache.catalina.core.ApplicationContext.log SessionListener: contextInitialized()
26-Apr-2025 12:52:05.323 INFO [main] org.apache.catalina.core.ApplicationContext.log ContextListener: attributeAdded('StockTicker', 'async.Stockticker@432fca40')
26-Apr-2025 14:38:21.173 INFO [main] org.apache.catalina.core.ApplicationContext.log SessionListener: contextDestroyed()
26-Apr-2025 14:38:21.173 INFO [main] org.apache.catalina.core.ApplicationContext.log ContextListener: contextDestroyed()
26-Apr-2025 14:38:34.226 INFO [main] org.apache.catalina.core.ApplicationContext.log 1 Spring WebApplicationInitializers detected on classpath
26-Apr-2025 14:38:34.699 INFO [main] org.apache.catalina.core.ApplicationContext.log ContextListener: contextInitialized()
26-Apr-2025 14:38:34.699 INFO [main] org.apache.catalina.core.ApplicationContext.log SessionListener: contextInitialized()
26-Apr-2025 14:38:34.701 INFO [main] org.apache.catalina.core.ApplicationContext.log ContextListener: attributeAdded('StockTicker', 'async.Stockticker@3f1eb1bc')
26-Apr-2025 14:48:14.459 INFO [main] org.apache.catalina.core.ApplicationContext.log SessionListener: contextDestroyed()
26-Apr-2025 14:48:14.459 INFO [main] org.apache.catalina.core.ApplicationContext.log ContextListener: contextDestroyed()
26-Apr-2025 14:49:43.607 INFO [main] org.apache.catalina.core.ApplicationContext.log 1 Spring WebApplicationInitializers detected on classpath
26-Apr-2025 14:49:44.042 INFO [main] org.apache.catalina.core.ApplicationContext.log ContextListener: contextInitialized()
26-Apr-2025 14:49:44.042 INFO [main] org.apache.catalina.core.ApplicationContext.log SessionListener: contextInitialized()
26-Apr-2025 14:49:44.044 INFO [main] org.apache.catalina.core.ApplicationContext.log ContextListener: attributeAdded('StockTicker', 'async.Stockticker@62e8ef9f')
26-Apr-2025 14:56:27.852 INFO [main] org.apache.catalina.core.ApplicationContext.log SessionListener: contextDestroyed()
26-Apr-2025 14:56:27.852 INFO [main] org.apache.catalina.core.ApplicationContext.log ContextListener: contextDestroyed()
26-Apr-2025 14:57:25.688 INFO [main] org.apache.catalina.core.ApplicationContext.log 1 Spring WebApplicationInitializers detected on classpath
26-Apr-2025 14:57:26.145 INFO [main] org.apache.catalina.core.ApplicationContext.log ContextListener: contextInitialized()
26-Apr-2025 14:57:26.145 INFO [main] org.apache.catalina.core.ApplicationContext.log SessionListener: contextInitialized()
26-Apr-2025 14:57:26.147 INFO [main] org.apache.catalina.core.ApplicationContext.log ContextListener: attributeAdded('StockTicker', 'async.Stockticker@41a940a9')
26-Apr-2025 15:15:24.795 INFO [main] org.apache.catalina.core.ApplicationContext.log SessionListener: contextDestroyed()
26-Apr-2025 15:15:24.795 INFO [main] org.apache.catalina.core.ApplicationContext.log ContextListener: contextDestroyed()
26-Apr-2025 15:16:36.554 INFO [main] org.apache.catalina.core.ApplicationContext.log 1 Spring WebApplicationInitializers detected on classpath
26-Apr-2025 15:16:37.005 INFO [main] org.apache.catalina.core.ApplicationContext.log ContextListener: contextInitialized()
26-Apr-2025 15:16:37.006 INFO [main] org.apache.catalina.core.ApplicationContext.log SessionListener: contextInitialized()
26-Apr-2025 15:16:37.009 INFO [main] org.apache.catalina.core.ApplicationContext.log ContextListener: attributeAdded('StockTicker', 'async.Stockticker@567412db')
26-Apr-2025 19:53:12.442 INFO [main] org.apache.catalina.core.ApplicationContext.log SessionListener: contextDestroyed()
26-Apr-2025 19:53:12.442 INFO [main] org.apache.catalina.core.ApplicationContext.log ContextListener: contextDestroyed()
26-Apr-2025 20:23:40.451 INFO [main] org.apache.catalina.core.ApplicationContext.log 1 Spring WebApplicationInitializers detected on classpath
26-Apr-2025 20:23:41.579 INFO [main] org.apache.catalina.core.ApplicationContext.log ContextListener: contextInitialized()
26-Apr-2025 20:23:41.579 INFO [main] org.apache.catalina.core.ApplicationContext.log SessionListener: contextInitialized()
26-Apr-2025 20:23:41.579 INFO [main] org.apache.catalina.core.ApplicationContext.log ContextListener: attributeAdded('StockTicker', 'async.Stockticker@4b20b431')
26-Apr-2025 20:28:11.268 INFO [main] org.apache.catalina.core.ApplicationContext.log 1 Spring WebApplicationInitializers detected on classpath
26-Apr-2025 20:28:12.317 INFO [main] org.apache.catalina.core.ApplicationContext.log ContextListener: contextInitialized()
26-Apr-2025 20:28:12.317 INFO [main] org.apache.catalina.core.ApplicationContext.log SessionListener: contextInitialized()
26-Apr-2025 20:28:12.332 INFO [main] org.apache.catalina.core.ApplicationContext.log ContextListener: attributeAdded('StockTicker', 'async.Stockticker@6ec5c4e2')
26-Apr-2025 20:28:12.665 INFO [main] org.apache.catalina.core.ApplicationContext.log SessionListener: contextDestroyed()
26-Apr-2025 20:28:12.665 INFO [main] org.apache.catalina.core.ApplicationContext.log ContextListener: contextDestroyed()
26-Apr-2025 20:32:18.865 INFO [Catalina-utility-1] org.apache.catalina.core.ApplicationContext.log 2 Spring WebApplicationInitializers detected on classpath
26-Apr-2025 20:33:09.735 INFO [main] org.apache.catalina.core.ApplicationContext.log SessionListener: contextDestroyed()
26-Apr-2025 20:33:09.736 INFO [main] org.apache.catalina.core.ApplicationContext.log ContextListener: contextDestroyed()
26-Apr-2025 20:33:21.112 INFO [main] org.apache.catalina.core.ApplicationContext.log 2 Spring WebApplicationInitializers detected on classpath
26-Apr-2025 20:33:23.994 INFO [main] org.apache.catalina.core.ApplicationContext.log ContextListener: contextInitialized()
26-Apr-2025 20:33:23.994 INFO [main] org.apache.catalina.core.ApplicationContext.log SessionListener: contextInitialized()
26-Apr-2025 20:33:23.994 INFO [main] org.apache.catalina.core.ApplicationContext.log ContextListener: attributeAdded('StockTicker', 'async.Stockticker@ac3739d')
26-Apr-2025 20:36:30.482 INFO [Catalina-utility-1] org.apache.catalina.core.ApplicationContext.log 2 Spring WebApplicationInitializers detected on classpath
26-Apr-2025 20:37:37.934 INFO [Catalina-utility-2] org.apache.catalina.core.ApplicationContext.log 2 Spring WebApplicationInitializers detected on classpath
26-Apr-2025 20:37:55.047 INFO [main] org.apache.catalina.core.ApplicationContext.log SessionListener: contextDestroyed()
26-Apr-2025 20:37:55.047 INFO [main] org.apache.catalina.core.ApplicationContext.log ContextListener: contextDestroyed()
26-Apr-2025 20:38:06.459 INFO [main] org.apache.catalina.core.ApplicationContext.log 2 Spring WebApplicationInitializers detected on classpath
26-Apr-2025 20:38:09.390 INFO [main] org.apache.catalina.core.ApplicationContext.log ContextListener: contextInitialized()
26-Apr-2025 20:38:09.390 INFO [main] org.apache.catalina.core.ApplicationContext.log SessionListener: contextInitialized()
26-Apr-2025 20:38:09.398 INFO [main] org.apache.catalina.core.ApplicationContext.log ContextListener: attributeAdded('StockTicker', 'async.Stockticker@1e6be9f0')
26-Apr-2025 20:43:56.083 INFO [Catalina-utility-1] org.apache.catalina.core.ApplicationContext.log 2 Spring WebApplicationInitializers detected on classpath
26-Apr-2025 20:44:01.131 INFO [Catalina-utility-1] org.apache.catalina.core.ApplicationContext.log Initializing Spring embedded WebApplicationContext
26-Apr-2025 20:44:20.992 INFO [main] org.apache.catalina.core.ApplicationContext.log SessionListener: contextDestroyed()
26-Apr-2025 20:44:20.992 INFO [main] org.apache.catalina.core.ApplicationContext.log ContextListener: contextDestroyed()
26-Apr-2025 20:45:07.935 INFO [main] org.apache.catalina.core.ApplicationContext.log 2 Spring WebApplicationInitializers detected on classpath
26-Apr-2025 20:45:13.027 INFO [main] org.apache.catalina.core.ApplicationContext.log Initializing Spring embedded WebApplicationContext
26-Apr-2025 20:45:14.898 INFO [main] org.apache.catalina.core.ApplicationContext.log ContextListener: contextInitialized()
26-Apr-2025 20:45:14.898 INFO [main] org.apache.catalina.core.ApplicationContext.log SessionListener: contextInitialized()
26-Apr-2025 20:45:14.898 INFO [main] org.apache.catalina.core.ApplicationContext.log ContextListener: attributeAdded('StockTicker', 'async.Stockticker@42d8b670')
26-Apr-2025 20:48:31.270 INFO [Catalina-utility-2] org.apache.catalina.core.ApplicationContext.log 2 Spring WebApplicationInitializers detected on classpath
26-Apr-2025 20:48:36.199 INFO [Catalina-utility-2] org.apache.catalina.core.ApplicationContext.log Initializing Spring embedded WebApplicationContext
26-Apr-2025 20:51:53.189 INFO [Catalina-utility-1] org.apache.catalina.core.ApplicationContext.log 2 Spring WebApplicationInitializers detected on classpath
26-Apr-2025 20:51:57.897 INFO [Catalina-utility-1] org.apache.catalina.core.ApplicationContext.log Initializing Spring embedded WebApplicationContext
26-Apr-2025 20:52:02.063 INFO [main] org.apache.catalina.core.ApplicationContext.log SessionListener: contextDestroyed()
26-Apr-2025 20:52:02.063 INFO [main] org.apache.catalina.core.ApplicationContext.log ContextListener: contextDestroyed()
26-Apr-2025 20:52:15.429 INFO [main] org.apache.catalina.core.ApplicationContext.log 2 Spring WebApplicationInitializers detected on classpath
26-Apr-2025 20:52:20.628 INFO [main] org.apache.catalina.core.ApplicationContext.log Initializing Spring embedded WebApplicationContext
26-Apr-2025 20:52:22.819 INFO [main] org.apache.catalina.core.ApplicationContext.log ContextListener: contextInitialized()
26-Apr-2025 20:52:22.819 INFO [main] org.apache.catalina.core.ApplicationContext.log SessionListener: contextInitialized()
26-Apr-2025 20:52:22.819 INFO [main] org.apache.catalina.core.ApplicationContext.log ContextListener: attributeAdded('StockTicker', 'async.Stockticker@3c79be0f')
26-Apr-2025 20:53:11.768 INFO [main] org.apache.catalina.core.ApplicationContext.log SessionListener: contextDestroyed()
26-Apr-2025 20:53:11.768 INFO [main] org.apache.catalina.core.ApplicationContext.log ContextListener: contextDestroyed()
26-Apr-2025 20:57:46.014 INFO [main] org.apache.catalina.core.ApplicationContext.log 2 Spring WebApplicationInitializers detected on classpath
26-Apr-2025 20:57:51.172 INFO [main] org.apache.catalina.core.ApplicationContext.log Initializing Spring embedded WebApplicationContext
26-Apr-2025 20:57:53.134 INFO [main] org.apache.catalina.core.ApplicationContext.log ContextListener: contextInitialized()
26-Apr-2025 20:57:53.134 INFO [main] org.apache.catalina.core.ApplicationContext.log SessionListener: contextInitialized()
26-Apr-2025 20:57:53.134 INFO [main] org.apache.catalina.core.ApplicationContext.log ContextListener: attributeAdded('StockTicker', 'async.Stockticker@1ab6a093')
26-Apr-2025 21:04:29.946 INFO [Catalina-utility-2] org.apache.catalina.core.ApplicationContext.log 2 Spring WebApplicationInitializers detected on classpath
26-Apr-2025 21:04:34.654 INFO [Catalina-utility-2] org.apache.catalina.core.ApplicationContext.log Initializing Spring embedded WebApplicationContext
26-Apr-2025 21:05:25.400 INFO [main] org.apache.catalina.core.ApplicationContext.log SessionListener: contextDestroyed()
26-Apr-2025 21:05:25.400 INFO [main] org.apache.catalina.core.ApplicationContext.log ContextListener: contextDestroyed()
26-Apr-2025 21:05:36.240 INFO [main] org.apache.catalina.core.ApplicationContext.log 2 Spring WebApplicationInitializers detected on classpath
26-Apr-2025 21:05:41.341 INFO [main] org.apache.catalina.core.ApplicationContext.log Initializing Spring embedded WebApplicationContext
26-Apr-2025 21:05:43.185 INFO [main] org.apache.catalina.core.ApplicationContext.log ContextListener: contextInitialized()
26-Apr-2025 21:05:43.185 INFO [main] org.apache.catalina.core.ApplicationContext.log SessionListener: contextInitialized()
26-Apr-2025 21:05:43.185 INFO [main] org.apache.catalina.core.ApplicationContext.log ContextListener: attributeAdded('StockTicker', 'async.Stockticker@7bcd497')
26-Apr-2025 21:10:09.634 INFO [Catalina-utility-1] org.apache.catalina.core.ApplicationContext.log 2 Spring WebApplicationInitializers detected on classpath
26-Apr-2025 21:10:14.343 INFO [Catalina-utility-1] org.apache.catalina.core.ApplicationContext.log Initializing Spring embedded WebApplicationContext
26-Apr-2025 21:10:34.090 INFO [main] org.apache.catalina.core.ApplicationContext.log SessionListener: contextDestroyed()
26-Apr-2025 21:10:34.090 INFO [main] org.apache.catalina.core.ApplicationContext.log ContextListener: contextDestroyed()
26-Apr-2025 21:10:44.565 INFO [main] org.apache.catalina.core.ApplicationContext.log 2 Spring WebApplicationInitializers detected on classpath
26-Apr-2025 21:10:49.636 INFO [main] org.apache.catalina.core.ApplicationContext.log Initializing Spring embedded WebApplicationContext
26-Apr-2025 21:10:51.510 INFO [main] org.apache.catalina.core.ApplicationContext.log ContextListener: contextInitialized()
26-Apr-2025 21:10:51.510 INFO [main] org.apache.catalina.core.ApplicationContext.log SessionListener: contextInitialized()
26-Apr-2025 21:10:51.510 INFO [main] org.apache.catalina.core.ApplicationContext.log ContextListener: attributeAdded('StockTicker', 'async.Stockticker@18b77ec9')
26-Apr-2025 21:17:58.509 INFO [Catalina-utility-1] org.apache.catalina.core.ApplicationContext.log 2 Spring WebApplicationInitializers detected on classpath
26-Apr-2025 21:18:03.513 INFO [Catalina-utility-1] org.apache.catalina.core.ApplicationContext.log Initializing Spring embedded WebApplicationContext
26-Apr-2025 21:18:04.270 INFO [main] org.apache.catalina.core.ApplicationContext.log SessionListener: contextDestroyed()
26-Apr-2025 21:18:04.270 INFO [main] org.apache.catalina.core.ApplicationContext.log ContextListener: contextDestroyed()
26-Apr-2025 21:18:28.603 INFO [main] org.apache.catalina.core.ApplicationContext.log 2 Spring WebApplicationInitializers detected on classpath
26-Apr-2025 21:18:33.762 INFO [main] org.apache.catalina.core.ApplicationContext.log Initializing Spring embedded WebApplicationContext
26-Apr-2025 21:18:35.679 INFO [main] org.apache.catalina.core.ApplicationContext.log ContextListener: contextInitialized()
26-Apr-2025 21:18:35.680 INFO [main] org.apache.catalina.core.ApplicationContext.log SessionListener: contextInitialized()
26-Apr-2025 21:18:35.685 INFO [main] org.apache.catalina.core.ApplicationContext.log ContextListener: attributeAdded('StockTicker', 'async.Stockticker@1263d20d')
26-Apr-2025 21:20:11.993 INFO [main] org.apache.catalina.core.ApplicationContext.log SessionListener: contextDestroyed()
26-Apr-2025 21:20:11.993 INFO [main] org.apache.catalina.core.ApplicationContext.log ContextListener: contextDestroyed()
26-Apr-2025 21:24:35.161 INFO [main] org.apache.catalina.core.ApplicationContext.log 2 Spring WebApplicationInitializers detected on classpath
26-Apr-2025 21:24:40.152 INFO [main] org.apache.catalina.core.ApplicationContext.log Initializing Spring embedded WebApplicationContext
26-Apr-2025 21:24:42.011 INFO [main] org.apache.catalina.core.ApplicationContext.log ContextListener: contextInitialized()
26-Apr-2025 21:24:42.011 INFO [main] org.apache.catalina.core.ApplicationContext.log SessionListener: contextInitialized()
26-Apr-2025 21:24:42.011 INFO [main] org.apache.catalina.core.ApplicationContext.log ContextListener: attributeAdded('StockTicker', 'async.Stockticker@11e323a6')
26-Apr-2025 21:27:28.239 INFO [Catalina-utility-2] org.apache.catalina.core.ApplicationContext.log 2 Spring WebApplicationInitializers detected on classpath
26-Apr-2025 21:27:32.853 INFO [Catalina-utility-2] org.apache.catalina.core.ApplicationContext.log Initializing Spring embedded WebApplicationContext
26-Apr-2025 21:27:57.984 INFO [main] org.apache.catalina.core.ApplicationContext.log SessionListener: contextDestroyed()
26-Apr-2025 21:27:57.984 INFO [main] org.apache.catalina.core.ApplicationContext.log ContextListener: contextDestroyed()
26-Apr-2025 21:28:11.179 INFO [main] org.apache.catalina.core.ApplicationContext.log 2 Spring WebApplicationInitializers detected on classpath
26-Apr-2025 21:28:16.231 INFO [main] org.apache.catalina.core.ApplicationContext.log Initializing Spring embedded WebApplicationContext
26-Apr-2025 21:28:18.079 INFO [main] org.apache.catalina.core.ApplicationContext.log ContextListener: contextInitialized()
26-Apr-2025 21:28:18.079 INFO [main] org.apache.catalina.core.ApplicationContext.log SessionListener: contextInitialized()
26-Apr-2025 21:28:18.079 INFO [main] org.apache.catalina.core.ApplicationContext.log ContextListener: attributeAdded('StockTicker', 'async.Stockticker@1e9d5d79')
26-Apr-2025 21:32:54.558 INFO [Catalina-utility-2] org.apache.catalina.core.ApplicationContext.log 2 Spring WebApplicationInitializers detected on classpath
26-Apr-2025 21:32:59.423 INFO [Catalina-utility-2] org.apache.catalina.core.ApplicationContext.log Initializing Spring embedded WebApplicationContext
26-Apr-2025 21:33:45.850 INFO [Catalina-utility-1] org.apache.catalina.core.ApplicationContext.log 1 Spring WebApplicationInitializers detected on classpath
26-Apr-2025 21:36:18.891 INFO [main] org.apache.catalina.core.ApplicationContext.log SessionListener: contextDestroyed()
26-Apr-2025 21:36:18.891 INFO [main] org.apache.catalina.core.ApplicationContext.log ContextListener: contextDestroyed()
26-Apr-2025 21:36:30.860 INFO [main] org.apache.catalina.core.ApplicationContext.log 1 Spring WebApplicationInitializers detected on classpath
26-Apr-2025 21:36:32.022 INFO [main] org.apache.catalina.core.ApplicationContext.log ContextListener: contextInitialized()
26-Apr-2025 21:36:32.022 INFO [main] org.apache.catalina.core.ApplicationContext.log SessionListener: contextInitialized()
26-Apr-2025 21:36:32.027 INFO [main] org.apache.catalina.core.ApplicationContext.log ContextListener: attributeAdded('StockTicker', 'async.Stockticker@7a91027c')
26-Apr-2025 21:44:32.631 INFO [main] org.apache.catalina.core.ApplicationContext.log SessionListener: contextDestroyed()
26-Apr-2025 21:44:32.631 INFO [main] org.apache.catalina.core.ApplicationContext.log ContextListener: contextDestroyed()
26-Apr-2025 21:48:05.123 INFO [main] org.apache.catalina.core.ApplicationContext.log 1 Spring WebApplicationInitializers detected on classpath
26-Apr-2025 21:48:06.312 INFO [main] org.apache.catalina.core.ApplicationContext.log ContextListener: contextInitialized()
26-Apr-2025 21:48:06.312 INFO [main] org.apache.catalina.core.ApplicationContext.log SessionListener: contextInitialized()
26-Apr-2025 21:48:06.317 INFO [main] org.apache.catalina.core.ApplicationContext.log ContextListener: attributeAdded('StockTicker', 'async.Stockticker@12e13abd')
26-Apr-2025 21:48:47.539 INFO [main] org.apache.catalina.core.ApplicationContext.log SessionListener: contextDestroyed()
26-Apr-2025 21:48:47.539 INFO [main] org.apache.catalina.core.ApplicationContext.log ContextListener: contextDestroyed()
26-Apr-2025 21:51:57.724 INFO [main] org.apache.catalina.core.ApplicationContext.log 1 Spring WebApplicationInitializers detected on classpath
26-Apr-2025 21:51:58.781 INFO [main] org.apache.catalina.core.ApplicationContext.log ContextListener: contextInitialized()
26-Apr-2025 21:51:58.781 INFO [main] org.apache.catalina.core.ApplicationContext.log SessionListener: contextInitialized()
26-Apr-2025 21:51:58.781 INFO [main] org.apache.catalina.core.ApplicationContext.log ContextListener: attributeAdded('StockTicker', 'async.Stockticker@4ac26092')
