27-Apr-2025 00:04:15.357 INFO [main] org.apache.catalina.core.ApplicationContext.log SessionListener: contextDestroyed()
27-Apr-2025 00:04:15.358 INFO [main] org.apache.catalina.core.ApplicationContext.log ContextListener: contextDestroyed()
27-Apr-2025 14:38:14.816 INFO [main] org.apache.catalina.core.ApplicationContext.log 1 Spring WebApplicationInitializers detected on classpath
27-Apr-2025 14:38:16.032 INFO [main] org.apache.catalina.core.ApplicationContext.log ContextListener: contextInitialized()
27-Apr-2025 14:38:16.032 INFO [main] org.apache.catalina.core.ApplicationContext.log SessionListener: contextInitialized()
27-Apr-2025 14:38:16.039 INFO [main] org.apache.catalina.core.ApplicationContext.log ContextListener: attributeAdded('StockTicker', 'async.Stockticker@69e8f7a5')
27-Apr-2025 14:38:22.044 INFO [main] org.apache.catalina.core.ApplicationContext.log SessionListener: contextDestroyed()
27-Apr-2025 14:38:22.044 INFO [main] org.apache.catalina.core.ApplicationContext.log ContextListener: contextDestroyed()
27-Apr-2025 14:38:32.648 INFO [main] org.apache.catalina.core.ApplicationContext.log 1 Spring WebApplicationInitializers detected on classpath
27-Apr-2025 14:38:33.729 INFO [main] org.apache.catalina.core.ApplicationContext.log ContextListener: contextInitialized()
27-Apr-2025 14:38:33.737 INFO [main] org.apache.catalina.core.ApplicationContext.log SessionListener: contextInitialized()
27-Apr-2025 14:38:33.737 INFO [main] org.apache.catalina.core.ApplicationContext.log ContextListener: attributeAdded('StockTicker', 'async.Stockticker@27b84c9a')
27-Apr-2025 14:50:20.716 INFO [Catalina-utility-1] org.apache.catalina.core.ApplicationContext.log 2 Spring WebApplicationInitializers detected on classpath
27-Apr-2025 14:50:25.806 INFO [Catalina-utility-1] org.apache.catalina.core.ApplicationContext.log Initializing Spring embedded WebApplicationContext
27-Apr-2025 14:50:45.163 INFO [main] org.apache.catalina.core.ApplicationContext.log SessionListener: contextDestroyed()
27-Apr-2025 14:50:45.163 INFO [main] org.apache.catalina.core.ApplicationContext.log ContextListener: contextDestroyed()
27-Apr-2025 14:51:01.821 INFO [main] org.apache.catalina.core.ApplicationContext.log 2 Spring WebApplicationInitializers detected on classpath
27-Apr-2025 14:51:07.022 INFO [main] org.apache.catalina.core.ApplicationContext.log Initializing Spring embedded WebApplicationContext
27-Apr-2025 14:51:08.939 INFO [main] org.apache.catalina.core.ApplicationContext.log ContextListener: contextInitialized()
27-Apr-2025 14:51:08.939 INFO [main] org.apache.catalina.core.ApplicationContext.log SessionListener: contextInitialized()
27-Apr-2025 14:51:08.939 INFO [main] org.apache.catalina.core.ApplicationContext.log ContextListener: attributeAdded('StockTicker', 'async.Stockticker@529a2d6f')
27-Apr-2025 14:55:57.880 INFO [main] org.apache.catalina.core.ApplicationContext.log 2 Spring WebApplicationInitializers detected on classpath
27-Apr-2025 14:57:15.742 INFO [main] org.apache.catalina.core.ApplicationContext.log 1 Spring WebApplicationInitializers detected on classpath
27-Apr-2025 14:57:16.838 INFO [main] org.apache.catalina.core.ApplicationContext.log ContextListener: contextInitialized()
27-Apr-2025 14:57:16.838 INFO [main] org.apache.catalina.core.ApplicationContext.log SessionListener: contextInitialized()
27-Apr-2025 14:57:16.846 INFO [main] org.apache.catalina.core.ApplicationContext.log ContextListener: attributeAdded('StockTicker', 'async.Stockticker@427c2c96')
27-Apr-2025 15:32:23.548 INFO [Catalina-utility-2] org.apache.catalina.core.ApplicationContext.log 2 Spring WebApplicationInitializers detected on classpath
27-Apr-2025 15:32:28.942 INFO [Catalina-utility-2] org.apache.catalina.core.ApplicationContext.log Initializing Spring embedded WebApplicationContext
27-Apr-2025 15:32:30.138 INFO [main] org.apache.catalina.core.ApplicationContext.log SessionListener: contextDestroyed()
27-Apr-2025 15:32:30.138 INFO [main] org.apache.catalina.core.ApplicationContext.log ContextListener: contextDestroyed()
27-Apr-2025 15:33:00.787 INFO [main] org.apache.catalina.core.ApplicationContext.log 2 Spring WebApplicationInitializers detected on classpath
27-Apr-2025 15:33:05.873 INFO [main] org.apache.catalina.core.ApplicationContext.log Initializing Spring embedded WebApplicationContext
27-Apr-2025 15:33:08.015 INFO [main] org.apache.catalina.core.ApplicationContext.log ContextListener: contextInitialized()
27-Apr-2025 15:33:08.015 INFO [main] org.apache.catalina.core.ApplicationContext.log SessionListener: contextInitialized()
27-Apr-2025 15:33:08.023 INFO [main] org.apache.catalina.core.ApplicationContext.log ContextListener: attributeAdded('StockTicker', 'async.Stockticker@67b6cb6e')
27-Apr-2025 15:37:54.307 INFO [Catalina-utility-1] org.apache.catalina.core.ApplicationContext.log 2 Spring WebApplicationInitializers detected on classpath
27-Apr-2025 15:37:59.030 INFO [Catalina-utility-1] org.apache.catalina.core.ApplicationContext.log Initializing Spring embedded WebApplicationContext
27-Apr-2025 15:38:00.999 INFO [main] org.apache.catalina.core.ApplicationContext.log SessionListener: contextDestroyed()
27-Apr-2025 15:38:00.999 INFO [main] org.apache.catalina.core.ApplicationContext.log ContextListener: contextDestroyed()
27-Apr-2025 15:38:27.461 INFO [main] org.apache.catalina.core.ApplicationContext.log 2 Spring WebApplicationInitializers detected on classpath
27-Apr-2025 15:38:32.574 INFO [main] org.apache.catalina.core.ApplicationContext.log Initializing Spring embedded WebApplicationContext
27-Apr-2025 15:38:34.750 INFO [main] org.apache.catalina.core.ApplicationContext.log ContextListener: contextInitialized()
27-Apr-2025 15:38:34.750 INFO [main] org.apache.catalina.core.ApplicationContext.log SessionListener: contextInitialized()
27-Apr-2025 15:38:34.758 INFO [main] org.apache.catalina.core.ApplicationContext.log ContextListener: attributeAdded('StockTicker', 'async.Stockticker@147c00c7')
27-Apr-2025 15:44:31.181 INFO [Catalina-utility-2] org.apache.catalina.core.ApplicationContext.log 2 Spring WebApplicationInitializers detected on classpath
27-Apr-2025 15:44:36.154 INFO [Catalina-utility-2] org.apache.catalina.core.ApplicationContext.log Initializing Spring embedded WebApplicationContext
27-Apr-2025 15:44:36.895 INFO [main] org.apache.catalina.core.ApplicationContext.log SessionListener: contextDestroyed()
27-Apr-2025 15:44:36.895 INFO [main] org.apache.catalina.core.ApplicationContext.log ContextListener: contextDestroyed()
27-Apr-2025 15:45:01.087 INFO [main] org.apache.catalina.core.ApplicationContext.log 2 Spring WebApplicationInitializers detected on classpath
27-Apr-2025 15:45:06.350 INFO [main] org.apache.catalina.core.ApplicationContext.log Initializing Spring embedded WebApplicationContext
27-Apr-2025 15:45:08.282 INFO [main] org.apache.catalina.core.ApplicationContext.log ContextListener: contextInitialized()
27-Apr-2025 15:45:08.282 INFO [main] org.apache.catalina.core.ApplicationContext.log SessionListener: contextInitialized()
27-Apr-2025 15:45:08.282 INFO [main] org.apache.catalina.core.ApplicationContext.log ContextListener: attributeAdded('StockTicker', 'async.Stockticker@7b2a6ed3')
27-Apr-2025 15:47:14.349 INFO [Catalina-utility-1] org.apache.catalina.core.ApplicationContext.log 2 Spring WebApplicationInitializers detected on classpath
27-Apr-2025 15:47:19.060 INFO [Catalina-utility-1] org.apache.catalina.core.ApplicationContext.log Initializing Spring embedded WebApplicationContext
27-Apr-2025 15:47:48.232 INFO [main] org.apache.catalina.core.ApplicationContext.log SessionListener: contextDestroyed()
27-Apr-2025 15:47:48.232 INFO [main] org.apache.catalina.core.ApplicationContext.log ContextListener: contextDestroyed()
27-Apr-2025 15:47:48.240 INFO [main] org.apache.catalina.core.ApplicationContext.log Closing Spring root WebApplicationContext
27-Apr-2025 15:48:15.026 INFO [main] org.apache.catalina.core.ApplicationContext.log 2 Spring WebApplicationInitializers detected on classpath
27-Apr-2025 15:48:20.276 INFO [main] org.apache.catalina.core.ApplicationContext.log Initializing Spring embedded WebApplicationContext
27-Apr-2025 15:48:23.773 INFO [main] org.apache.catalina.core.ApplicationContext.log ContextListener: contextInitialized()
27-Apr-2025 15:48:23.773 INFO [main] org.apache.catalina.core.ApplicationContext.log SessionListener: contextInitialized()
27-Apr-2025 15:48:23.773 INFO [main] org.apache.catalina.core.ApplicationContext.log ContextListener: attributeAdded('StockTicker', 'async.Stockticker@36cd58e7')
27-Apr-2025 15:49:11.912 INFO [http-nio-8080-exec-1] org.apache.catalina.core.ApplicationContext.log Initializing Spring DispatcherServlet 'dispatcherServlet'
27-Apr-2025 15:55:54.768 INFO [Catalina-utility-2] org.apache.catalina.core.ApplicationContext.log Destroying Spring FrameworkServlet 'dispatcherServlet'
27-Apr-2025 15:55:54.768 INFO [Catalina-utility-2] org.apache.catalina.core.ApplicationContext.log Closing Spring root WebApplicationContext
27-Apr-2025 15:56:00.449 INFO [Catalina-utility-2] org.apache.catalina.core.ApplicationContext.log 2 Spring WebApplicationInitializers detected on classpath
27-Apr-2025 15:56:05.304 INFO [Catalina-utility-2] org.apache.catalina.core.ApplicationContext.log Initializing Spring embedded WebApplicationContext
27-Apr-2025 15:56:14.976 INFO [main] org.apache.catalina.core.ApplicationContext.log SessionListener: contextDestroyed()
27-Apr-2025 15:56:14.976 INFO [main] org.apache.catalina.core.ApplicationContext.log ContextListener: contextDestroyed()
27-Apr-2025 15:56:14.986 INFO [main] org.apache.catalina.core.ApplicationContext.log Closing Spring root WebApplicationContext
27-Apr-2025 15:57:01.890 INFO [main] org.apache.catalina.core.ApplicationContext.log 2 Spring WebApplicationInitializers detected on classpath
27-Apr-2025 15:57:07.069 INFO [main] org.apache.catalina.core.ApplicationContext.log Initializing Spring embedded WebApplicationContext
27-Apr-2025 15:57:10.631 INFO [main] org.apache.catalina.core.ApplicationContext.log ContextListener: contextInitialized()
27-Apr-2025 15:57:10.631 INFO [main] org.apache.catalina.core.ApplicationContext.log SessionListener: contextInitialized()
27-Apr-2025 15:57:10.639 INFO [main] org.apache.catalina.core.ApplicationContext.log ContextListener: attributeAdded('StockTicker', 'async.Stockticker@55aadbf2')
27-Apr-2025 15:57:53.745 INFO [http-nio-8080-exec-1] org.apache.catalina.core.ApplicationContext.log Initializing Spring DispatcherServlet 'dispatcherServlet'
27-Apr-2025 18:41:34.690 INFO [main] org.apache.catalina.core.ApplicationContext.log SessionListener: contextDestroyed()
27-Apr-2025 18:41:34.690 INFO [main] org.apache.catalina.core.ApplicationContext.log ContextListener: contextDestroyed()
27-Apr-2025 18:41:34.690 INFO [main] org.apache.catalina.core.ApplicationContext.log Destroying Spring FrameworkServlet 'dispatcherServlet'
27-Apr-2025 18:41:34.698 INFO [main] org.apache.catalina.core.ApplicationContext.log Closing Spring root WebApplicationContext
27-Apr-2025 21:25:21.164 INFO [main] org.apache.catalina.core.ApplicationContext.log 2 Spring WebApplicationInitializers detected on classpath
27-Apr-2025 21:25:26.658 INFO [main] org.apache.catalina.core.ApplicationContext.log Initializing Spring embedded WebApplicationContext
27-Apr-2025 21:25:30.240 INFO [main] org.apache.catalina.core.ApplicationContext.log ContextListener: contextInitialized()
27-Apr-2025 21:25:30.240 INFO [main] org.apache.catalina.core.ApplicationContext.log SessionListener: contextInitialized()
27-Apr-2025 21:25:30.245 INFO [main] org.apache.catalina.core.ApplicationContext.log ContextListener: attributeAdded('StockTicker', 'async.Stockticker@40cb19d5')
27-Apr-2025 21:26:48.744 INFO [http-nio-8080-exec-1] org.apache.catalina.core.ApplicationContext.log Initializing Spring DispatcherServlet 'dispatcherServlet'
27-Apr-2025 21:27:53.927 INFO [main] org.apache.catalina.core.ApplicationContext.log SessionListener: contextDestroyed()
27-Apr-2025 21:27:53.927 INFO [main] org.apache.catalina.core.ApplicationContext.log ContextListener: contextDestroyed()
27-Apr-2025 21:27:53.936 INFO [main] org.apache.catalina.core.ApplicationContext.log Destroying Spring FrameworkServlet 'dispatcherServlet'
27-Apr-2025 21:27:53.936 INFO [main] org.apache.catalina.core.ApplicationContext.log Closing Spring root WebApplicationContext
27-Apr-2025 21:28:57.718 INFO [main] org.apache.catalina.core.ApplicationContext.log 2 Spring WebApplicationInitializers detected on classpath
27-Apr-2025 21:29:02.878 INFO [main] org.apache.catalina.core.ApplicationContext.log Initializing Spring embedded WebApplicationContext
27-Apr-2025 21:29:06.267 INFO [main] org.apache.catalina.core.ApplicationContext.log ContextListener: contextInitialized()
27-Apr-2025 21:29:06.268 INFO [main] org.apache.catalina.core.ApplicationContext.log SessionListener: contextInitialized()
27-Apr-2025 21:29:06.272 INFO [main] org.apache.catalina.core.ApplicationContext.log ContextListener: attributeAdded('StockTicker', 'async.Stockticker@27f7db5a')
27-Apr-2025 21:29:14.379 INFO [http-nio-8080-exec-1] org.apache.catalina.core.ApplicationContext.log Initializing Spring DispatcherServlet 'dispatcherServlet'
27-Apr-2025 21:45:38.307 INFO [Catalina-utility-1] org.apache.catalina.core.ApplicationContext.log Destroying Spring FrameworkServlet 'dispatcherServlet'
27-Apr-2025 21:45:38.309 INFO [Catalina-utility-1] org.apache.catalina.core.ApplicationContext.log Closing Spring root WebApplicationContext
27-Apr-2025 21:45:38.315 SEVERE [Catalina-utility-1] org.apache.catalina.core.StandardContext.listenerStop Exception lors de l'envoi de l'évènement contexte détruit (context destroyed) à l'instance de classe d'écoute [org.springframework.boot.web.servlet.support.SpringBootServletInitializer$SpringBootContextLoaderListener]
	java.lang.IllegalStateException: java.nio.file.NoSuchFileException: C:\Users\thoma\Desktop\Ecole\4A\Cours_MIN\Langage_Java\Projet_Plantes_vs_Zombies\Installation\apache-tomcat-10.1.36\webapps\CoursEpfBack\WEB-INF\lib\HikariCP-5.0.1.jar
		at org.apache.catalina.webresources.AbstractSingleArchiveResourceSet.getArchiveEntry(AbstractSingleArchiveResourceSet.java:100)
		at org.apache.catalina.webresources.AbstractArchiveResourceSet.getResource(AbstractArchiveResourceSet.java:245)
		at org.apache.catalina.webresources.StandardRoot.getResourceInternal(StandardRoot.java:273)
		at org.apache.catalina.webresources.Cache.getResource(Cache.java:64)
		at org.apache.catalina.webresources.StandardRoot.getResource(StandardRoot.java:212)
		at org.apache.catalina.webresources.StandardRoot.getClassLoaderResource(StandardRoot.java:221)
		at org.apache.catalina.loader.WebappClassLoaderBase.findClassInternal(WebappClassLoaderBase.java:2233)
		at org.apache.catalina.loader.WebappClassLoaderBase.findClassInternal(WebappClassLoaderBase.java:2219)
		at org.apache.catalina.loader.WebappClassLoaderBase.findClass(WebappClassLoaderBase.java:813)
		at org.apache.catalina.loader.WebappClassLoaderBase.loadClass(WebappClassLoaderBase.java:1335)
		at org.apache.catalina.loader.WebappClassLoaderBase.loadClass(WebappClassLoaderBase.java:1183)
		at org.springframework.web.context.ContextLoaderListener.contextDestroyed(ContextLoaderListener.java:112)
		at org.springframework.boot.web.servlet.support.SpringBootServletInitializer$SpringBootContextLoaderListener.contextDestroyed(SpringBootServletInitializer.java:246)
		at org.apache.catalina.core.StandardContext.listenerStop(StandardContext.java:4093)
		at org.apache.catalina.core.StandardContext.stopInternal(StandardContext.java:4703)
		at org.apache.catalina.util.LifecycleBase.stop(LifecycleBase.java:235)
		at org.apache.catalina.core.ContainerBase.removeChild(ContainerBase.java:659)
		at org.apache.catalina.startup.HostConfig.undeploy(HostConfig.java:1483)
		at org.apache.catalina.startup.HostConfig.checkResources(HostConfig.java:1392)
		at org.apache.catalina.startup.HostConfig.check(HostConfig.java:1665)
		at org.apache.catalina.startup.HostConfig.lifecycleEvent(HostConfig.java:299)
		at org.apache.catalina.util.LifecycleBase.fireLifecycleEvent(LifecycleBase.java:109)
		at org.apache.catalina.core.ContainerBase.backgroundProcess(ContainerBase.java:973)
		at org.apache.catalina.core.ContainerBase$ContainerBackgroundProcessor.processChildren(ContainerBase.java:1172)
		at org.apache.catalina.core.ContainerBase$ContainerBackgroundProcessor.processChildren(ContainerBase.java:1176)
		at org.apache.catalina.core.ContainerBase$ContainerBackgroundProcessor.run(ContainerBase.java:1154)
		at java.base/java.util.concurrent.Executors$RunnableAdapter.call(Executors.java:572)
		at java.base/java.util.concurrent.FutureTask.runAndReset(FutureTask.java:358)
		at java.base/java.util.concurrent.ScheduledThreadPoolExecutor$ScheduledFutureTask.run(ScheduledThreadPoolExecutor.java:305)
		at java.base/java.util.concurrent.ThreadPoolExecutor.runWorker(ThreadPoolExecutor.java:1144)
		at java.base/java.util.concurrent.ThreadPoolExecutor$Worker.run(ThreadPoolExecutor.java:642)
		at org.apache.tomcat.util.threads.TaskThread$WrappingRunnable.run(TaskThread.java:63)
		at java.base/java.lang.Thread.run(Thread.java:1583)
	Caused by: java.nio.file.NoSuchFileException: C:\Users\thoma\Desktop\Ecole\4A\Cours_MIN\Langage_Java\Projet_Plantes_vs_Zombies\Installation\apache-tomcat-10.1.36\webapps\CoursEpfBack\WEB-INF\lib\HikariCP-5.0.1.jar
		at java.base/sun.nio.fs.WindowsException.translateToIOException(WindowsException.java:85)
		at java.base/sun.nio.fs.WindowsException.rethrowAsIOException(WindowsException.java:103)
		at java.base/sun.nio.fs.WindowsException.rethrowAsIOException(WindowsException.java:108)
		at java.base/sun.nio.fs.WindowsFileAttributeViews$Basic.readAttributes(WindowsFileAttributeViews.java:53)
		at java.base/sun.nio.fs.WindowsFileAttributeViews$Basic.readAttributes(WindowsFileAttributeViews.java:38)
		at java.base/sun.nio.fs.WindowsFileSystemProvider.readAttributes(WindowsFileSystemProvider.java:197)
		at java.base/java.nio.file.Files.readAttributes(Files.java:1853)
		at java.base/java.util.zip.ZipFile$Source.get(ZipFile.java:1445)
		at java.base/java.util.zip.ZipFile$CleanableResource.<init>(ZipFile.java:724)
		at java.base/java.util.zip.ZipFile.<init>(ZipFile.java:251)
		at java.base/java.util.zip.ZipFile.<init>(ZipFile.java:180)
		at java.base/java.util.jar.JarFile.<init>(JarFile.java:345)
		at org.apache.catalina.webresources.AbstractArchiveResourceSet.openJarFile(AbstractArchiveResourceSet.java:300)
		at org.apache.catalina.webresources.AbstractSingleArchiveResourceSet.getArchiveEntry(AbstractSingleArchiveResourceSet.java:96)
		... 32 more
27-Apr-2025 21:45:43.785 INFO [Catalina-utility-1] org.apache.catalina.core.ApplicationContext.log 2 Spring WebApplicationInitializers detected on classpath
27-Apr-2025 21:45:48.867 INFO [Catalina-utility-1] org.apache.catalina.core.ApplicationContext.log Initializing Spring embedded WebApplicationContext
27-Apr-2025 21:45:51.002 INFO [main] org.apache.catalina.core.ApplicationContext.log SessionListener: contextDestroyed()
27-Apr-2025 21:45:51.002 INFO [main] org.apache.catalina.core.ApplicationContext.log ContextListener: contextDestroyed()
27-Apr-2025 21:45:51.015 INFO [main] org.apache.catalina.core.ApplicationContext.log Closing Spring root WebApplicationContext
27-Apr-2025 21:45:53.463 INFO [main] org.apache.catalina.core.ApplicationContext.log 2 Spring WebApplicationInitializers detected on classpath
27-Apr-2025 21:45:58.779 INFO [main] org.apache.catalina.core.ApplicationContext.log Initializing Spring embedded WebApplicationContext
27-Apr-2025 21:46:02.263 INFO [main] org.apache.catalina.core.ApplicationContext.log ContextListener: contextInitialized()
27-Apr-2025 21:46:02.264 INFO [main] org.apache.catalina.core.ApplicationContext.log SessionListener: contextInitialized()
27-Apr-2025 21:46:02.268 INFO [main] org.apache.catalina.core.ApplicationContext.log ContextListener: attributeAdded('StockTicker', 'async.Stockticker@319e02e7')
27-Apr-2025 21:46:58.610 INFO [main] org.apache.catalina.core.ApplicationContext.log SessionListener: contextDestroyed()
27-Apr-2025 21:46:58.610 INFO [main] org.apache.catalina.core.ApplicationContext.log ContextListener: contextDestroyed()
27-Apr-2025 21:46:58.618 INFO [main] org.apache.catalina.core.ApplicationContext.log Closing Spring root WebApplicationContext
27-Apr-2025 21:47:35.265 INFO [main] org.apache.catalina.core.ApplicationContext.log 2 Spring WebApplicationInitializers detected on classpath
27-Apr-2025 21:47:40.433 INFO [main] org.apache.catalina.core.ApplicationContext.log Initializing Spring embedded WebApplicationContext
27-Apr-2025 21:47:43.972 INFO [main] org.apache.catalina.core.ApplicationContext.log ContextListener: contextInitialized()
27-Apr-2025 21:47:43.972 INFO [main] org.apache.catalina.core.ApplicationContext.log SessionListener: contextInitialized()
27-Apr-2025 21:47:43.977 INFO [main] org.apache.catalina.core.ApplicationContext.log ContextListener: attributeAdded('StockTicker', 'async.Stockticker@b6a5cf5')
27-Apr-2025 21:47:50.068 INFO [http-nio-8080-exec-1] org.apache.catalina.core.ApplicationContext.log Initializing Spring DispatcherServlet 'dispatcherServlet'
27-Apr-2025 21:52:54.786 INFO [Catalina-utility-1] org.apache.catalina.core.ApplicationContext.log Destroying Spring FrameworkServlet 'dispatcherServlet'
27-Apr-2025 21:52:54.787 INFO [Catalina-utility-1] org.apache.catalina.core.ApplicationContext.log Closing Spring root WebApplicationContext
27-Apr-2025 21:53:00.394 INFO [Catalina-utility-1] org.apache.catalina.core.ApplicationContext.log 2 Spring WebApplicationInitializers detected on classpath
27-Apr-2025 21:53:05.326 INFO [Catalina-utility-1] org.apache.catalina.core.ApplicationContext.log Initializing Spring embedded WebApplicationContext
27-Apr-2025 21:53:28.474 INFO [main] org.apache.catalina.core.ApplicationContext.log SessionListener: contextDestroyed()
27-Apr-2025 21:53:28.474 INFO [main] org.apache.catalina.core.ApplicationContext.log ContextListener: contextDestroyed()
27-Apr-2025 21:53:28.488 INFO [main] org.apache.catalina.core.ApplicationContext.log Closing Spring root WebApplicationContext
27-Apr-2025 21:53:39.419 INFO [main] org.apache.catalina.core.ApplicationContext.log 2 Spring WebApplicationInitializers detected on classpath
27-Apr-2025 21:53:44.932 INFO [main] org.apache.catalina.core.ApplicationContext.log Initializing Spring embedded WebApplicationContext
27-Apr-2025 21:53:48.261 INFO [main] org.apache.catalina.core.ApplicationContext.log ContextListener: contextInitialized()
27-Apr-2025 21:53:48.261 INFO [main] org.apache.catalina.core.ApplicationContext.log SessionListener: contextInitialized()
27-Apr-2025 21:53:48.265 INFO [main] org.apache.catalina.core.ApplicationContext.log ContextListener: attributeAdded('StockTicker', 'async.Stockticker@2bcf856f')
27-Apr-2025 21:53:48.696 INFO [http-nio-8080-exec-1] org.apache.catalina.core.ApplicationContext.log Initializing Spring DispatcherServlet 'dispatcherServlet'
27-Apr-2025 22:43:23.743 INFO [main] org.apache.catalina.core.ApplicationContext.log SessionListener: contextDestroyed()
27-Apr-2025 22:43:23.743 INFO [main] org.apache.catalina.core.ApplicationContext.log ContextListener: contextDestroyed()
27-Apr-2025 22:43:23.747 INFO [main] org.apache.catalina.core.ApplicationContext.log Destroying Spring FrameworkServlet 'dispatcherServlet'
27-Apr-2025 22:43:23.747 INFO [main] org.apache.catalina.core.ApplicationContext.log Closing Spring root WebApplicationContext
27-Apr-2025 22:48:41.741 INFO [main] org.apache.catalina.core.ApplicationContext.log 2 Spring WebApplicationInitializers detected on classpath
27-Apr-2025 22:48:43.890 INFO [main] org.apache.catalina.core.ApplicationContext.log Initializing Spring embedded WebApplicationContext
27-Apr-2025 22:48:45.359 INFO [main] org.apache.catalina.core.ApplicationContext.log ContextListener: contextInitialized()
27-Apr-2025 22:48:45.359 INFO [main] org.apache.catalina.core.ApplicationContext.log SessionListener: contextInitialized()
27-Apr-2025 22:48:45.359 INFO [main] org.apache.catalina.core.ApplicationContext.log ContextListener: attributeAdded('StockTicker', 'async.Stockticker@1bb5dce0')
27-Apr-2025 22:48:56.453 INFO [main] org.apache.catalina.core.ApplicationContext.log SessionListener: contextDestroyed()
27-Apr-2025 22:48:56.453 INFO [main] org.apache.catalina.core.ApplicationContext.log ContextListener: contextDestroyed()
27-Apr-2025 22:48:56.456 INFO [main] org.apache.catalina.core.ApplicationContext.log Closing Spring root WebApplicationContext
27-Apr-2025 22:49:24.071 INFO [main] org.apache.catalina.core.ApplicationContext.log 2 Spring WebApplicationInitializers detected on classpath
27-Apr-2025 22:49:26.392 INFO [main] org.apache.catalina.core.ApplicationContext.log Initializing Spring embedded WebApplicationContext
27-Apr-2025 22:49:27.870 INFO [main] org.apache.catalina.core.ApplicationContext.log ContextListener: contextInitialized()
27-Apr-2025 22:49:27.870 INFO [main] org.apache.catalina.core.ApplicationContext.log SessionListener: contextInitialized()
27-Apr-2025 22:49:27.872 INFO [main] org.apache.catalina.core.ApplicationContext.log ContextListener: attributeAdded('StockTicker', 'async.Stockticker@2bcf856f')
27-Apr-2025 22:49:32.128 INFO [http-nio-8080-exec-1] org.apache.catalina.core.ApplicationContext.log Initializing Spring DispatcherServlet 'dispatcherServlet'
27-Apr-2025 22:49:58.541 INFO [main] org.apache.catalina.core.ApplicationContext.log SessionListener: contextDestroyed()
27-Apr-2025 22:49:58.541 INFO [main] org.apache.catalina.core.ApplicationContext.log ContextListener: contextDestroyed()
27-Apr-2025 22:49:58.544 INFO [main] org.apache.catalina.core.ApplicationContext.log Destroying Spring FrameworkServlet 'dispatcherServlet'
27-Apr-2025 22:49:58.544 INFO [main] org.apache.catalina.core.ApplicationContext.log Closing Spring root WebApplicationContext
27-Apr-2025 22:51:58.391 INFO [main] org.apache.catalina.core.ApplicationContext.log 2 Spring WebApplicationInitializers detected on classpath
27-Apr-2025 22:52:00.509 INFO [main] org.apache.catalina.core.ApplicationContext.log Initializing Spring embedded WebApplicationContext
27-Apr-2025 22:52:01.931 INFO [main] org.apache.catalina.core.ApplicationContext.log ContextListener: contextInitialized()
27-Apr-2025 22:52:01.932 INFO [main] org.apache.catalina.core.ApplicationContext.log SessionListener: contextInitialized()
27-Apr-2025 22:52:01.934 INFO [main] org.apache.catalina.core.ApplicationContext.log ContextListener: attributeAdded('StockTicker', 'async.Stockticker@4dba2d07')
27-Apr-2025 22:52:09.528 INFO [http-nio-8080-exec-1] org.apache.catalina.core.ApplicationContext.log Initializing Spring DispatcherServlet 'dispatcherServlet'
27-Apr-2025 22:52:48.182 INFO [main] org.apache.catalina.core.ApplicationContext.log SessionListener: contextDestroyed()
27-Apr-2025 22:52:48.182 INFO [main] org.apache.catalina.core.ApplicationContext.log ContextListener: contextDestroyed()
27-Apr-2025 22:52:48.186 INFO [main] org.apache.catalina.core.ApplicationContext.log Destroying Spring FrameworkServlet 'dispatcherServlet'
27-Apr-2025 22:52:48.187 INFO [main] org.apache.catalina.core.ApplicationContext.log Closing Spring root WebApplicationContext
27-Apr-2025 23:43:38.880 INFO [main] org.apache.catalina.core.ApplicationContext.log 2 Spring WebApplicationInitializers detected on classpath
27-Apr-2025 23:43:40.951 INFO [main] org.apache.catalina.core.ApplicationContext.log Initializing Spring embedded WebApplicationContext
27-Apr-2025 23:43:42.375 INFO [main] org.apache.catalina.core.ApplicationContext.log ContextListener: contextInitialized()
27-Apr-2025 23:43:42.375 INFO [main] org.apache.catalina.core.ApplicationContext.log SessionListener: contextInitialized()
27-Apr-2025 23:43:42.375 INFO [main] org.apache.catalina.core.ApplicationContext.log ContextListener: attributeAdded('StockTicker', 'async.Stockticker@40cb19d5')
27-Apr-2025 23:44:46.128 INFO [http-nio-8080-exec-1] org.apache.catalina.core.ApplicationContext.log Initializing Spring DispatcherServlet 'dispatcherServlet'
27-Apr-2025 23:50:14.592 INFO [main] org.apache.catalina.core.ApplicationContext.log SessionListener: contextDestroyed()
27-Apr-2025 23:50:14.592 INFO [main] org.apache.catalina.core.ApplicationContext.log ContextListener: contextDestroyed()
27-Apr-2025 23:50:14.594 INFO [main] org.apache.catalina.core.ApplicationContext.log Destroying Spring FrameworkServlet 'dispatcherServlet'
27-Apr-2025 23:50:14.594 INFO [main] org.apache.catalina.core.ApplicationContext.log Closing Spring root WebApplicationContext
27-Apr-2025 23:51:01.262 INFO [main] org.apache.catalina.core.ApplicationContext.log 2 Spring WebApplicationInitializers detected on classpath
27-Apr-2025 23:51:03.401 INFO [main] org.apache.catalina.core.ApplicationContext.log Initializing Spring embedded WebApplicationContext
27-Apr-2025 23:51:04.855 INFO [main] org.apache.catalina.core.ApplicationContext.log ContextListener: contextInitialized()
27-Apr-2025 23:51:04.855 INFO [main] org.apache.catalina.core.ApplicationContext.log SessionListener: contextInitialized()
27-Apr-2025 23:51:04.855 INFO [main] org.apache.catalina.core.ApplicationContext.log ContextListener: attributeAdded('StockTicker', 'async.Stockticker@4d619aa0')
27-Apr-2025 23:51:15.434 INFO [http-nio-8080-exec-1] org.apache.catalina.core.ApplicationContext.log Initializing Spring DispatcherServlet 'dispatcherServlet'
27-Apr-2025 23:52:25.999 INFO [main] org.apache.catalina.core.ApplicationContext.log SessionListener: contextDestroyed()
27-Apr-2025 23:52:25.999 INFO [main] org.apache.catalina.core.ApplicationContext.log ContextListener: contextDestroyed()
27-Apr-2025 23:52:26.001 INFO [main] org.apache.catalina.core.ApplicationContext.log Destroying Spring FrameworkServlet 'dispatcherServlet'
27-Apr-2025 23:52:26.001 INFO [main] org.apache.catalina.core.ApplicationContext.log Closing Spring root WebApplicationContext
27-Apr-2025 23:53:45.100 INFO [main] org.apache.catalina.core.ApplicationContext.log 2 Spring WebApplicationInitializers detected on classpath
27-Apr-2025 23:53:47.242 INFO [main] org.apache.catalina.core.ApplicationContext.log Initializing Spring embedded WebApplicationContext
27-Apr-2025 23:53:48.691 INFO [main] org.apache.catalina.core.ApplicationContext.log ContextListener: contextInitialized()
27-Apr-2025 23:53:48.691 INFO [main] org.apache.catalina.core.ApplicationContext.log SessionListener: contextInitialized()
27-Apr-2025 23:53:48.691 INFO [main] org.apache.catalina.core.ApplicationContext.log ContextListener: attributeAdded('StockTicker', 'async.Stockticker@6682e9b0')
27-Apr-2025 23:54:12.320 INFO [http-nio-8080-exec-1] org.apache.catalina.core.ApplicationContext.log Initializing Spring DispatcherServlet 'dispatcherServlet'
